2022/12/06 09:07:08 PM - root - INFO: 元素('xpath', '//a[contains(text(),"返回首页")]')已经找到
2022/12/06 09:07:08 PM - root - INFO: 元素('xpath', '//a[contains(text(),"返回首页")]')已经找到
2022/12/06 09:07:08 PM - root - INFO: 元素('xpath', '//a[contains(text(),"返回首页")]')已经找到
2022/12/06 09:07:08 PM - root - INFO: 保存截图 D:\VIP_Selenium\SEC10\POM\tests\screenshots\用户登录页状态-1670332028570.png
2022/12/06 09:07:08 PM - root - INFO: 保存截图 D:\VIP_Selenium\SEC10\POM\tests\screenshots\用户登录页状态-1670332028570.png
2022/12/06 09:07:09 PM - root - INFO: 正在记录用户登录测试.....
2022/12/06 09:07:09 PM - root - INFO: 正在记录用户登录测试.....
2022/12/06 09:07:09 PM - root - INFO: 正在记录用户登录测试.....
2022/12/06 09:14:25 PM - root - INFO: 元素('xpath', '//a[contains(text(),"返回首页")]')已经找到
2022/12/06 09:14:25 PM - root - INFO: 元素('xpath', '//a[contains(text(),"返回首页")]')已经找到
2022/12/06 09:14:25 PM - root - INFO: 元素('xpath', '//a[contains(text(),"返回首页")]')已经找到
2022/12/06 09:14:25 PM - root - INFO: 保存截图 D:\VIP_Selenium\SEC10\POM\tests\screenshots\用户登录页状态-1670332465828.png
2022/12/06 09:14:25 PM - root - INFO: 保存截图 D:\VIP_Selenium\SEC10\POM\tests\screenshots\用户登录页状态-1670332465828.png
2022/12/06 09:14:26 PM - root - INFO: 正在记录用户登录测试.....
2022/12/06 09:14:26 PM - root - INFO: 正在记录用户登录测试.....
2022/12/06 09:14:26 PM - root - INFO: 正在记录用户登录测试.....
2022/12/06 09:16:15 PM - root - INFO: 元素('xpath', '//a[contains(text(),"返回首页")]')已经找到
2022/12/06 09:16:16 PM - root - INFO: 元素('xpath', '//a[contains(text(),"返回首页")]')已经找到
2022/12/06 09:16:16 PM - root - INFO: 元素('xpath', '//a[contains(text(),"返回首页")]')已经找到
2022/12/06 09:16:16 PM - root - INFO: 保存截图 D:\VIP_Selenium\用户登录页状态-1670332576194.png
2022/12/06 09:16:16 PM - root - INFO: 保存截图 D:\VIP_Selenium\用户登录页状态-1670332576194.png
2022/12/06 09:16:16 PM - root - INFO: 正在记录用户登录测试.....
2022/12/06 09:16:16 PM - root - INFO: 正在记录用户登录测试.....
2022/12/06 09:16:16 PM - root - INFO: 正在记录用户登录测试.....
2022/12/06 09:18:28 PM - root - INFO: 元素('xpath', '//a[contains(text(),"返回首页")]')已经找到
2022/12/06 09:18:29 PM - root - INFO: 元素('xpath', '//a[contains(text(),"返回首页")]')已经找到
2022/12/06 09:18:29 PM - root - INFO: 元素('xpath', '//a[contains(text(),"返回首页")]')已经找到
2022/12/06 09:18:29 PM - root - INFO: 保存截图 D:\VIP_Selenium\SEC10\tests\screenshots\用户登录页状态-1670332709330.png
2022/12/06 09:18:29 PM - root - INFO: 保存截图 D:\VIP_Selenium\SEC10\tests\screenshots\用户登录页状态-1670332709330.png
2022/12/06 09:18:29 PM - root - INFO: 正在记录用户登录测试.....
2022/12/06 09:18:29 PM - root - INFO: 正在记录用户登录测试.....
2022/12/06 09:18:29 PM - root - INFO: 正在记录用户登录测试.....
2022/12/07 12:06:26 PM - root - INFO: 正在记录用户登录测试.....
2022/12/07 12:06:27 PM - root - INFO: 正在记录用户登录测试.....
2022/12/07 12:06:27 PM - root - INFO: 正在记录用户登录测试.....
2022/12/07 12:18:21 PM - root - INFO: 正在记录用户登录测试.....
2022/12/07 12:18:22 PM - root - INFO: 正在记录用户登录测试.....
2022/12/07 12:18:22 PM - root - INFO: 正在记录用户登录测试.....
2022/12/07 12:18:23 PM - root - INFO: 正在记录用户登录测试.....
2022/12/07 12:18:23 PM - root - INFO: 正在记录用户登录测试.....
2022/12/07 12:18:23 PM - root - INFO: 正在记录用户登录测试.....
2022/12/07 12:18:24 PM - root - INFO: 正在记录用户登录测试.....
2022/12/07 12:18:24 PM - root - INFO: 正在记录用户登录测试.....
2022/12/07 12:18:24 PM - root - INFO: 正在记录用户登录测试.....
2022/12/07 12:18:24 PM - root - INFO: 正在记录用户登录测试.....
2022/12/07 12:18:24 PM - root - INFO: 正在记录用户登录测试.....
2022/12/07 12:18:24 PM - root - INFO: 正在记录用户登录测试.....
2022/12/07 12:18:24 PM - root - INFO: 正在记录用户登录测试.....
2022/12/07 12:18:24 PM - root - INFO: 正在记录用户登录测试.....
2022/12/07 12:18:24 PM - root - INFO: 正在记录用户登录测试.....
